#
# A fatal error has been detected by the Java Runtime Environment:
#
#  EXCEPTION_ACCESS_VIOLATION (0xc0000005) at pc=0x000000005f0e2fe1, pid=14188, tid=0x0000000000000ce4
#
# JRE version: Java(TM) SE Runtime Environment (8.0_144-b01) (build 1.8.0_144-b01)
# Java VM: Java HotSpot(TM) 64-Bit Server VM (25.144-b01 mixed mode windows-amd64 compressed oops)
# Problematic frame:
# C  [jfxwebkit.dll+0x7e2fe1]
#
# Failed to write core dump. Minidumps are not enabled by default on client versions of Windows
#
# If you would like to submit a bug report, please visit:
#   http://bugreport.java.com/bugreport/crash.jsp
# The crash happened outside the Java Virtual Machine in native code.
# See problematic frame for where to report the bug.
#

---------------  T H R E A D  ---------------

Current thread (0x0000000022e87000):  JavaThread "JavaFX Application Thread" [_thread_in_native, id=3300, stack(0x0000000028080000,0x0000000028180000)]

siginfo: ExceptionCode=0xc0000005, reading address 0x00001500000009f6

Registers:
RAX=0x00001500000009e6, RBX=0x0000000000000000, RCX=0x000000002f4aeec0, RDX=0x00000000348d3728
RSP=0x000000002817b980, RBP=0x000000002817bab0, RSI=0x0000000000000000, RDI=0x0000000000000000
R8 =0x00000000348d3610, R9 =0x0000000027d169b0, R10=0x0000000000000010, R11=0x0000000000000007
R12=0x0000000000000000, R13=0x000000002e3666c0, R14=0x0000000000000000, R15=0x0000000000000000
RIP=0x000000005f0e2fe1, EFLAGS=0x0000000000010206

Top of Stack: (sp=0x000000002817b980)
0x000000002817b980:   0000000000000000 0000000000000000
0x000000002817b990:   0000000000000000 0000000000000000
0x000000002817b9a0:   0000000027e614d0 000000005eb89534
0x000000002817b9b0:   0000000002883690 0000000027e42760
0x000000002817b9c0:   0000000027e42760 0000000000000000
0x000000002817b9d0:   0000000002710cc1 0000000000000000
0x000000002817b9e0:   0000000000000000 00000000000001c0
0x000000002817b9f0:   0000000000000000 000000002ff4ad20
0x000000002817ba00:   0000000000000000 0000000000000000
0x000000002817ba10:   0000000027d26740 0000000000000000
0x000000002817ba20:   0000000027e614d0 000000002817ba38
0x000000002817ba30:   0000000000000004 00000000379e8170
0x000000002817ba40:   0000000000000000 0000000000000000
0x000000002817ba50:   0000000027e42761 000000002817ba68
0x000000002817ba60:   0000000000000020 0000000000000000
0x000000002817ba70:   0000000033fc3c20 0000000027d26740 

Instructions: (pc=0x000000005f0e2fe1)
0x000000005f0e2fc1:   3b d8 0f 83 b1 00 00 00 48 8b 05 78 d9 e3 01 48
0x000000005f0e2fd1:   8b 4c 07 18 48 85 c9 0f 84 95 00 00 00 48 8b 01
0x000000005f0e2fe1:   ff 50 10 8b 0d 6a d9 e3 01 48 ff c3 48 83 c7 20
0x000000005f0e2ff1:   8b c1 48 3b d9 72 c8 39 35 52 d9 e3 01 76 30 85 


Register to memory mapping:

RAX=0x00001500000009e6 is an unknown value
RBX=0x0000000000000000 is an unknown value
RCX=0x000000002f4aeec0 is an unknown value
RDX=0x00000000348d3728 is an unknown value
RSP=0x000000002817b980 is pointing into the stack for thread: 0x0000000022e87000
RBP=0x000000002817bab0 is pointing into the stack for thread: 0x0000000022e87000
RSI=0x0000000000000000 is an unknown value
RDI=0x0000000000000000 is an unknown value
R8 =0x00000000348d3610 is an unknown value
R9 =0x0000000027d169b0 is an unknown value
R10=0x0000000000000010 is an unknown value
R11=0x0000000000000007 is an unknown value
R12=0x0000000000000000 is an unknown value
R13={method} {0x000000002e3666c8} 'twkProcessFocusEvent' '(JII)V' in 'com/sun/webkit/WebPage'
R14=0x0000000000000000 is an unknown value
R15=0x0000000000000000 is an unknown value


Stack: [0x0000000028080000,0x0000000028180000],  sp=0x000000002817b980,  free space=1006k
Native frames: (J=compiled Java code, j=interpreted, Vv=VM code, C=native code)
C  [jfxwebkit.dll+0x7e2fe1]
C  [jfxwebkit.dll+0x289534]
C  [jfxwebkit.dll+0x290755]
C  [jfxwebkit.dll+0x32cb85]
C  [jfxwebkit.dll+0x529a94]
C  [jfxwebkit.dll+0x529cbc]
C  [jfxwebkit.dll+0x544470]
C  [jfxwebkit.dll+0x8e347e]
C  0x0000000004697f74

Java frames: (J=compiled Java code, j=interpreted, Vv=VM code)
j  com.sun.webkit.WebPage.twkProcessFocusEvent(JII)V+0
j  com.sun.webkit.WebPage.dispatchFocusEvent(Lcom/sun/webkit/event/WCFocusEvent;)V+68
j  javafx.scene.web.WebView.lambda$new$30(Ljavafx/beans/value/ObservableValue;Ljava/lang/Boolean;Ljava/lang/Boolean;)V+35
j  javafx.scene.web.WebView$$Lambda$128.changed(Ljavafx/beans/value/ObservableValue;Ljava/lang/Object;Ljava/lang/Object;)V+13
J 9889 C1 com.sun.javafx.binding.ExpressionHelper$SingleChange.fireValueChangedEvent()V (96 bytes) @ 0x0000000006100de4 [0x00000000061009e0+0x404]
J 7657 C1 com.sun.javafx.binding.ExpressionHelper.fireValueChangedEvent(Lcom/sun/javafx/binding/ExpressionHelper;)V (9 bytes) @ 0x000000000515c41c [0x000000000515c300+0x11c]
j  javafx.beans.property.ReadOnlyBooleanPropertyBase.fireValueChangedEvent()V+4
j  javafx.scene.Node$FocusedProperty.notifyListeners()V+8
j  javafx.scene.Node.setFocused(Z)V+19
j  javafx.scene.Scene$KeyHandler.setWindowFocused(Z)V+26
j  javafx.scene.Scene$KeyHandler.lambda$new$11(Ljavafx/beans/Observable;)V+8
j  javafx.scene.Scene$KeyHandler$$Lambda$143.invalidated(Ljavafx/beans/Observable;)V+5
j  com.sun.javafx.binding.ExpressionHelper$SingleInvalidation.fireValueChangedEvent()V+8
J 7657 C1 com.sun.javafx.binding.ExpressionHelper.fireValueChangedEvent(Lcom/sun/javafx/binding/ExpressionHelper;)V (9 bytes) @ 0x000000000515c41c [0x000000000515c300+0x11c]
j  javafx.beans.property.ReadOnlyBooleanPropertyBase.fireValueChangedEvent()V+4
j  javafx.beans.property.ReadOnlyBooleanWrapper.fireValueChangedEvent()V+15
j  javafx.beans.property.BooleanPropertyBase.markInvalid()V+17
j  javafx.beans.property.BooleanPropertyBase.set(Z)V+106
j  javafx.stage.Window.setFocused(Z)V+5
j  com.sun.javafx.stage.WindowPeerListener.changedFocused(ZLcom/sun/javafx/tk/FocusCause;)V+5
j  com.sun.javafx.tk.quantum.EmbeddedStage.lambda$setFocused$326(ZI)V+16
j  com.sun.javafx.tk.quantum.EmbeddedStage$$Lambda$298.run()V+12
j  com.sun.javafx.tk.quantum.EmbeddedStage.lambda$notifyStageListener$322(Ljava/lang/Runnable;)Ljava/lang/Void;+1
j  com.sun.javafx.tk.quantum.EmbeddedStage$$Lambda$171.run()Ljava/lang/Object;+4
v  ~StubRoutines::call_stub
J 3236  java.security.AccessController.doPrivileged(Ljava/security/PrivilegedAction;Ljava/security/AccessControlContext;)Ljava/lang/Object; (0 bytes) @ 0x00000000050f0526 [0x00000000050f04c0+0x66]
j  com.sun.javafx.tk.quantum.EmbeddedStage.notifyStageListener(Ljava/lang/Runnable;)V+12
j  com.sun.javafx.tk.quantum.EmbeddedStage.lambda$notifyStageListenerLater$323(Ljava/lang/Runnable;)V+2
j  com.sun.javafx.tk.quantum.EmbeddedStage$$Lambda$299.run()V+8
J 7412 C2 com.sun.javafx.application.PlatformImpl$$Lambda$85.run()Ljava/lang/Object; (8 bytes) @ 0x0000000005ae02c4 [0x0000000005ae0080+0x244]
v  ~StubRoutines::call_stub
J 3236  java.security.AccessController.doPrivileged(Ljava/security/PrivilegedAction;Ljava/security/AccessControlContext;)Ljava/lang/Object; (0 bytes) @ 0x00000000050f0526 [0x00000000050f04c0+0x66]
J 9019 C2 com.sun.glass.ui.InvokeLaterDispatcher$Future.run()V (91 bytes) @ 0x0000000005eb8b98 [0x0000000005eb86e0+0x4b8]
v  ~StubRoutines::call_stub
j  com.sun.glass.ui.win.WinApplication._runLoop(Ljava/lang/Runnable;)V+0
j  com.sun.glass.ui.win.WinApplication.lambda$null$148(ILjava/lang/Runnable;)V+8
j  com.sun.glass.ui.win.WinApplication$$Lambda$53.run()V+12
j  java.lang.Thread.run()V+11
v  ~StubRoutines::call_stub

---------------  P R O C E S S  ---------------

Java Threads: ( => current thread )
  0x000000002542e000 JavaThread "URL-Loader-90" daemon [_thread_blocked, id=972, stack(0x0000000049070000,0x0000000049170000)]
  0x000000002542f800 JavaThread "URL-Loader-89" daemon [_thread_blocked, id=11160, stack(0x0000000048f70000,0x0000000049070000)]
  0x0000000025434000 JavaThread "URL-Loader-88" daemon [_thread_blocked, id=11128, stack(0x0000000048e70000,0x0000000048f70000)]
  0x000000002542c800 JavaThread "URL-Loader-87" daemon [_thread_blocked, id=1404, stack(0x0000000048d70000,0x0000000048e70000)]
  0x0000000024b72000 JavaThread "URL-Loader-86" daemon [_thread_blocked, id=2232, stack(0x0000000048c70000,0x0000000048d70000)]
  0x0000000024b78800 JavaThread "URL-Loader-85" daemon [_thread_blocked, id=5276, stack(0x0000000048b70000,0x0000000048c70000)]
  0x0000000024b75000 JavaThread "URL-Loader-84" daemon [_thread_blocked, id=1124, stack(0x0000000048a70000,0x0000000048b70000)]
  0x0000000024b73800 JavaThread "URL-Loader-83" daemon [_thread_blocked, id=14904, stack(0x0000000048970000,0x0000000048a70000)]
  0x0000000024b70800 JavaThread "URL-Loader-82" daemon [_thread_blocked, id=7068, stack(0x0000000048370000,0x0000000048470000)]
  0x0000000024b74800 JavaThread "URL-Loader-81" daemon [_thread_blocked, id=9356, stack(0x0000000048270000,0x0000000048370000)]
  0x0000000024b77800 JavaThread "URL-Loader-80" daemon [_thread_blocked, id=13624, stack(0x0000000048170000,0x0000000048270000)]
  0x0000000024b73000 JavaThread "URL-Loader-79" daemon [_thread_blocked, id=11328, stack(0x0000000048070000,0x0000000048170000)]
  0x0000000024b71800 JavaThread "URL-Loader-78" daemon [_thread_blocked, id=13120, stack(0x0000000047f70000,0x0000000048070000)]
  0x0000000024b76000 JavaThread "URL-Loader-77" daemon [_thread_blocked, id=11332, stack(0x0000000047e70000,0x0000000047f70000)]
  0x0000000024b76800 JavaThread "URL-Loader-76" daemon [_thread_blocked, id=9780, stack(0x0000000047c70000,0x0000000047d70000)]
  0x0000000024b69000 JavaThread "URL-Loader-75" daemon [_thread_blocked, id=7776, stack(0x0000000047b70000,0x0000000047c70000)]
  0x0000000024b6f000 JavaThread "Keep-Alive-Timer" daemon [_thread_blocked, id=13388, stack(0x0000000047a70000,0x0000000047b70000)]
  0x0000000024b6a800 JavaThread "URL-Loader-74" daemon [_thread_blocked, id=11220, stack(0x0000000047670000,0x0000000047770000)]
  0x0000000024b6b800 JavaThread "URL-Loader-73" daemon [_thread_blocked, id=14524, stack(0x0000000047570000,0x0000000047670000)]
  0x0000000024b6d000 JavaThread "URL-Loader-72" daemon [_thread_blocked, id=9668, stack(0x0000000047470000,0x0000000047570000)]
  0x0000000024b6e800 JavaThread "URL-Loader-71" daemon [_thread_blocked, id=14200, stack(0x0000000047270000,0x0000000047370000)]
  0x0000000024b70000 JavaThread "SwingWorker-pool-3-thread-4" daemon [_thread_blocked, id=7416, stack(0x000000003e0a0000,0x000000003e1a0000)]
  0x0000000024b6d800 JavaThread "SwingWorker-pool-3-thread-3" daemon [_thread_blocked, id=12084, stack(0x000000003cbd0000,0x000000003ccd0000)]
  0x0000000024b6c000 JavaThread "SwingWorker-pool-3-thread-2" daemon [_thread_blocked, id=8880, stack(0x000000003a2d0000,0x000000003a3d0000)]
  0x0000000025431000 JavaThread "SwingWorker-pool-3-thread-1" daemon [_thread_blocked, id=5144, stack(0x0000000037700000,0x0000000037800000)]
  0x0000000025431800 JavaThread "Prism Font Disposer" daemon [_thread_blocked, id=2944, stack(0x0000000031490000,0x0000000031590000)]
  0x00000000253ca800 JavaThread "Disposer" daemon [_thread_blocked, id=3268, stack(0x000000002e550000,0x000000002e650000)]
  0x00000000253cb000 JavaThread "InterruptTimer" daemon [_thread_blocked, id=7004, stack(0x000000002d9b0000,0x000000002dab0000)]
  0x00000000253ce000 JavaThread "oracle.jdbc.driver.BlockSource.ThreadedCachingBlockSource.BlockReleaser" daemon [_thread_blocked, id=6832, stack(0x000000002ce60000,0x000000002cf60000)]
  0x00000000253c8000 JavaThread "Timer-0" daemon [_thread_blocked, id=15112, stack(0x000000002cd60000,0x000000002ce60000)]
  0x0000000021f3f000 JavaThread "TimerQueue" daemon [_thread_blocked, id=6096, stack(0x000000002ca60000,0x000000002cb60000)]
  0x00000000251dc000 JavaThread "AWT-EventQueue-0" [_thread_in_native, id=8536, stack(0x000000002c950000,0x000000002ca50000)]
  0x00000000251e3800 JavaThread "Thread-4" daemon [_thread_in_native, id=7992, stack(0x000000002c650000,0x000000002c750000)]
=>0x0000000022e87000 JavaThread "JavaFX Application Thread" [_thread_in_native, id=3300, stack(0x0000000028080000,0x0000000028180000)]
  0x0000000022e83800 JavaThread "Thread-3" daemon [_thread_blocked, id=5920, stack(0x0000000027f80000,0x0000000028080000)]
  0x00000000240d9800 JavaThread "QuantumRenderer-0" daemon [_thread_blocked, id=8432, stack(0x0000000027a80000,0x0000000027b80000)]
  0x0000000021d21800 JavaThread "AWT-Windows" daemon [_thread_in_native, id=2512, stack(0x0000000026760000,0x0000000026860000)]
  0x00000000240e8800 JavaThread "AWT-Shutdown" [_thread_blocked, id=8124, stack(0x0000000026660000,0x0000000026760000)]
  0x0000000023e40800 JavaThread "Java2D Disposer" daemon [_thread_blocked, id=10020, stack(0x0000000026480000,0x0000000026580000)]
  0x000000002008f000 JavaThread "Service Thread" daemon [_thread_blocked, id=7552, stack(0x0000000020cb0000,0x0000000020db0000)]
  0x000000001fff7800 JavaThread "C1 CompilerThread3" daemon [_thread_blocked, id=88, stack(0x0000000020bb0000,0x0000000020cb0000)]
  0x000000001fff2800 JavaThread "C2 CompilerThread2" daemon [_thread_blocked, id=4756, stack(0x0000000020ab0000,0x0000000020bb0000)]
  0x000000001fff1000 JavaThread "C2 CompilerThread1" daemon [_thread_blocked, id=12304, stack(0x00000000209b0000,0x0000000020ab0000)]
  0x000000001ffea800 JavaThread "C2 CompilerThread0" daemon [_thread_blocked, id=15152, stack(0x00000000208b0000,0x00000000209b0000)]
  0x000000001ffe8800 JavaThread "Attach Listener" daemon [_thread_blocked, id=6132, stack(0x00000000207b0000,0x00000000208b0000)]
  0x000000001ffe7000 JavaThread "Signal Dispatcher" daemon [_thread_blocked, id=9128, stack(0x00000000206b0000,0x00000000207b0000)]
  0x000000001ffe0800 JavaThread "Finalizer" daemon [_thread_blocked, id=1916, stack(0x00000000203c0000,0x00000000204c0000)]
  0x000000001e0ed800 JavaThread "Reference Handler" daemon [_thread_blocked, id=7840, stack(0x000000001fec0000,0x000000001ffc0000)]
  0x000000000467e000 JavaThread "main" [_thread_blocked, id=10692, stack(0x00000000043d0000,0x00000000044d0000)]

Other Threads:
  0x000000001e0e9800 VMThread [stack: 0x000000001fdc0000,0x000000001fec0000] [id=11576]
  0x0000000020015000 WatcherThread [stack: 0x0000000020db0000,0x0000000020eb0000] [id=12724]

VM state:not at safepoint (normal execution)

VM Mutex/Monitor currently owned by a thread: None

Heap:
 PSYoungGen      total 142336K, used 93618K [0x000000076b100000, 0x0000000776600000, 0x00000007c0000000)
  eden space 117760K, 58% used [0x000000076b100000,0x000000076f46d330,0x0000000772400000)
  from space 24576K, 99% used [0x0000000772780000,0x0000000773f7f5f0,0x0000000773f80000)
  to   space 33792K, 0% used [0x0000000774500000,0x0000000774500000,0x0000000776600000)
 ParOldGen       total 225792K, used 68526K [0x00000006c1200000, 0x00000006cee80000, 0x000000076b100000)
  object space 225792K, 30% used [0x00000006c1200000,0x00000006c54eb878,0x00000006cee80000)
 Metaspace       used 55342K, capacity 57020K, committed 57088K, reserved 1099776K
  class space    used 6958K, capacity 7405K, committed 7424K, reserved 1048576K

Card table byte_map: [0x0000000013a40000,0x0000000014240000] byte_map_base: 0x0000000010437000

Marking Bits: (ParMarkBitMap*) 0x0000000061b1d850
 Begin Bits: [0x0000000014f90000, 0x0000000018f48000)
 End Bits:   [0x0000000018f48000, 0x000000001cf00000)

Polling page: 0x00000000044e0000

CodeCache: size=245760Kb used=27578Kb max_used=27593Kb free=218181Kb
 bounds [0x0000000004680000, 0x00000000061b0000, 0x0000000013680000]
 total_blobs=9542 nmethods=8469 adapters=982
 compilation: enabled

Compilation events (10 events):
Event: 199.348 Thread 0x000000001fff7800 nmethod 10136 0x0000000006175910 code [0x0000000006175a60, 0x0000000006175b90]
Event: 199.567 Thread 0x000000001fff1000 nmethod 10135 0x0000000006195110 code [0x0000000006195740, 0x000000000619a938]
Event: 199.606 Thread 0x000000001fff7800 10137       3       com.sun.prism.impl.ps.BaseShaderContext$State::access$300 (5 bytes)
Event: 199.606 Thread 0x000000001fff7800 nmethod 10137 0x00000000061755d0 code [0x0000000006175720, 0x0000000006175850]
Event: 199.606 Thread 0x000000001fff7800 10138       3       com.sun.prism.impl.ps.BaseShaderContext$State::access$400 (5 bytes)
Event: 199.607 Thread 0x000000001fff7800 nmethod 10138 0x0000000006175250 code [0x00000000061753a0, 0x00000000061754d0]
Event: 199.643 Thread 0x000000001fff7800 10139       3       java.awt.Window::isFocusableWindow (76 bytes)
Event: 199.644 Thread 0x000000001fff7800 nmethod 10139 0x0000000004c915d0 code [0x0000000004c917c0, 0x0000000004c92718]
Event: 199.644 Thread 0x000000001fff7800 10140       1       com.sun.javafx.stage.WindowEventDispatcher::getLastDispatcher (5 bytes)
Event: 199.644 Thread 0x000000001fff7800 nmethod 10140 0x0000000005eed550 code [0x0000000005eed6a0, 0x0000000005eed7b0]

GC Heap History (10 events):
Event: 7.871 GC heap before
{Heap before GC invocations=7 (full 2):
 PSYoungGen      total 101888K, used 91136K [0x000000076b100000, 0x0000000774600000, 0x00000007c0000000)
  eden space 91136K, 100% used [0x000000076b100000,0x0000000770a00000,0x0000000770a00000)
  from space 10752K, 0% used [0x0000000773b80000,0x0000000773b80000,0x0000000774600000)
  to   space 10752K, 0% used [0x0000000773100000,0x0000000773100000,0x0000000773b80000)
 ParOldGen       total 225792K, used 24658K [0x00000006c1200000, 0x00000006cee80000, 0x000000076b100000)
  object space 225792K, 10% used [0x00000006c1200000,0x00000006c2a148e8,0x00000006cee80000)
 Metaspace       used 46955K, capacity 48230K, committed 48512K, reserved 1091584K
  class space    used 6142K, capacity 6496K, committed 6528K, reserved 1048576K
Event: 7.881 GC heap after
Heap after GC invocations=7 (full 2):
 PSYoungGen      total 117760K, used 10722K [0x000000076b100000, 0x0000000773c00000, 0x00000007c0000000)
  eden space 107008K, 0% used [0x000000076b100000,0x000000076b100000,0x0000000771980000)
  from space 10752K, 99% used [0x0000000773100000,0x0000000773b78a78,0x0000000773b80000)
  to   space 512K, 0% used [0x0000000773b80000,0x0000000773b80000,0x0000000773c00000)
 ParOldGen       total 225792K, used 29047K [0x00000006c1200000, 0x00000006cee80000, 0x000000076b100000)
  object space 225792K, 12% used [0x00000006c1200000,0x00000006c2e5dea0,0x00000006cee80000)
 Metaspace       used 46955K, capacity 48230K, committed 48512K, reserved 1091584K
  class space    used 6142K, capacity 6496K, committed 6528K, reserved 1048576K
}
Event: 73.191 GC heap before
{Heap before GC invocations=8 (full 2):
 PSYoungGen      total 117760K, used 117730K [0x000000076b100000, 0x0000000773c00000, 0x00000007c0000000)
  eden space 107008K, 100% used [0x000000076b100000,0x0000000771980000,0x0000000771980000)
  from space 10752K, 99% used [0x0000000773100000,0x0000000773b78a78,0x0000000773b80000)
  to   space 512K, 0% used [0x0000000773b80000,0x0000000773b80000,0x0000000773c00000)
 ParOldGen       total 225792K, used 29047K [0x00000006c1200000, 0x00000006cee80000, 0x000000076b100000)
  object space 225792K, 12% used [0x00000006c1200000,0x00000006c2e5dea0,0x00000006cee80000)
 Metaspace       used 49499K, capacity 50868K, committed 51072K, reserved 1093632K
  class space    used 6313K, capacity 6685K, committed 6784K, reserved 1048576K
Event: 73.197 GC heap after
Heap after GC invocations=8 (full 2):
 PSYoungGen      total 122368K, used 480K [0x000000076b100000, 0x0000000774900000, 0x00000007c0000000)
  eden space 121856K, 0% used [0x000000076b100000,0x000000076b100000,0x0000000772800000)
  from space 512K, 93% used [0x0000000773b80000,0x0000000773bf8010,0x0000000773c00000)
  to   space 16896K, 0% used [0x0000000772800000,0x0000000772800000,0x0000000773880000)
 ParOldGen       total 225792K, used 42469K [0x00000006c1200000, 0x00000006cee80000, 0x000000076b100000)
  object space 225792K, 18% used [0x00000006c1200000,0x00000006c3b797e8,0x00000006cee80000)
 Metaspace       used 49499K, capacity 50868K, committed 51072K, reserved 1093632K
  class space    used 6313K, capacity 6685K, committed 6784K, reserved 1048576K
}
Event: 120.092 GC heap before
{Heap before GC invocations=9 (full 2):
 PSYoungGen      total 122368K, used 122320K [0x000000076b100000, 0x0000000774900000, 0x00000007c0000000)
  eden space 121856K, 99% used [0x000000076b100000,0x00000007727fc050,0x0000000772800000)
  from space 512K, 93% used [0x0000000773b80000,0x0000000773bf8010,0x0000000773c00000)
  to   space 16896K, 0% used [0x0000000772800000,0x0000000772800000,0x0000000773880000)
 ParOldGen       total 225792K, used 42469K [0x00000006c1200000, 0x00000006cee80000, 0x000000076b100000)
  object space 225792K, 18% used [0x00000006c1200000,0x00000006c3b797e8,0x00000006cee80000)
 Metaspace       used 52013K, capacity 53464K, committed 53760K, reserved 1095680K
  class space    used 6670K, capacity 7047K, committed 7168K, reserved 1048576K
Event: 120.096 GC heap after
Heap after GC invocations=9 (full 2):
 PSYoungGen      total 138752K, used 6435K [0x000000076b100000, 0x0000000775780000, 0x00000007c0000000)
  eden space 121856K, 0% used [0x000000076b100000,0x000000076b100000,0x0000000772800000)
  from space 16896K, 38% used [0x0000000772800000,0x0000000772e48d60,0x0000000773880000)
  to   space 17920K, 0% used [0x0000000774600000,0x0000000774600000,0x0000000775780000)
 ParOldGen       total 225792K, used 42477K [0x00000006c1200000, 0x00000006cee80000, 0x000000076b100000)
  object space 225792K, 18% used [0x00000006c1200000,0x00000006c3b7b7e8,0x00000006cee80000)
 Metaspace       used 52013K, capacity 53464K, committed 53760K, reserved 1095680K
  class space    used 6670K, capacity 7047K, committed 7168K, reserved 1048576K
}
Event: 161.678 GC heap before
{Heap before GC invocations=10 (full 2):
 PSYoungGen      total 138752K, used 128291K [0x000000076b100000, 0x0000000775780000, 0x00000007c0000000)
  eden space 121856K, 100% used [0x000000076b100000,0x0000000772800000,0x0000000772800000)
  from space 16896K, 38% used [0x0000000772800000,0x0000000772e48d60,0x0000000773880000)
  to   space 17920K, 0% used [0x0000000774600000,0x0000000774600000,0x0000000775780000)
 ParOldGen       total 225792K, used 42479K [0x00000006c1200000, 0x00000006cee80000, 0x000000076b100000)
  object space 225792K, 18% used [0x00000006c1200000,0x00000006c3b7bd78,0x00000006cee80000)
 Metaspace       used 54656K, capacity 56248K, committed 56576K, reserved 1097728K
  class space    used 6904K, capacity 7333K, committed 7424K, reserved 1048576K
Event: 161.689 GC heap after
Heap after GC invocations=10 (full 2):
 PSYoungGen      total 137728K, used 17909K [0x000000076b100000, 0x0000000775780000, 0x00000007c0000000)
  eden space 119808K, 0% used [0x000000076b100000,0x000000076b100000,0x0000000772600000)
  from space 17920K, 99% used [0x0000000774600000,0x000000077577d528,0x0000000775780000)
  to   space 24576K, 0% used [0x0000000772780000,0x0000000772780000,0x0000000773f80000)
 ParOldGen       total 225792K, used 54051K [0x00000006c1200000, 0x00000006cee80000, 0x000000076b100000)
  object space 225792K, 23% used [0x00000006c1200000,0x00000006c46c8c10,0x00000006cee80000)
 Metaspace       used 54656K, capacity 56248K, committed 56576K, reserved 1097728K
  class space    used 6904K, capacity 7333K, committed 7424K, reserved 1048576K
}
Event: 181.525 GC heap before
{Heap before GC invocations=11 (full 2):
 PSYoungGen      total 137728K, used 137717K [0x000000076b100000, 0x0000000775780000, 0x00000007c0000000)
  eden space 119808K, 100% used [0x000000076b100000,0x0000000772600000,0x0000000772600000)
  from space 17920K, 99% used [0x0000000774600000,0x000000077577d528,0x0000000775780000)
  to   space 24576K, 0% used [0x0000000772780000,0x0000000772780000,0x0000000773f80000)
 ParOldGen       total 225792K, used 54054K [0x00000006c1200000, 0x00000006cee80000, 0x000000076b100000)
  object space 225792K, 23% used [0x00000006c1200000,0x00000006c46c9a30,0x00000006cee80000)
 Metaspace       used 55030K, capacity 56584K, committed 56832K, reserved 1099776K
  class space    used 6905K, capacity 7333K, committed 7424K, reserved 1048576K
Event: 181.539 GC heap after
Heap after GC invocations=11 (full 2):
 PSYoungGen      total 142336K, used 24573K [0x000000076b100000, 0x0000000776600000, 0x00000007c0000000)
  eden space 117760K, 0% used [0x000000076b100000,0x000000076b100000,0x0000000772400000)
  from space 24576K, 99% used [0x0000000772780000,0x0000000773f7f5f0,0x0000000773f80000)
  to   space 33792K, 0% used [0x0000000774500000,0x0000000774500000,0x0000000776600000)
 ParOldGen       total 225792K, used 68526K [0x00000006c1200000, 0x00000006cee80000, 0x000000076b100000)
  object space 225792K, 30% used [0x00000006c1200000,0x00000006c54eb878,0x00000006cee80000)
 Metaspace       used 55030K, capacity 56584K, committed 56832K, reserved 1099776K
  class space    used 6905K, capacity 7333K, committed 7424K, reserved 1048576K
}

Deoptimization events (10 events):
Event: 187.108 Thread 0x0000000022e87000 Uncommon trap: reason=null_check action=make_not_entrant pc=0x00000000054cf310 method=javafx.scene.Node.getScene()Ljavafx/scene/Scene; @ 7
Event: 187.108 Thread 0x0000000022e87000 Uncommon trap: reason=unstable_if action=reinterpret pc=0x0000000005f042d8 method=javafx.scene.Scene.getWindow()Ljavafx/stage/Window; @ 4
Event: 187.108 Thread 0x0000000022e87000 Uncommon trap: reason=unstable_if action=reinterpret pc=0x0000000005e5e044 method=javafx.scene.Node.updateGeomBounds()V @ 4
Event: 187.109 Thread 0x0000000022e87000 Uncommon trap: reason=unstable_if action=reinterpret pc=0x0000000005e5e818 method=javafx.scene.Node.updateGeomBounds()V @ 4
Event: 187.109 Thread 0x0000000022e87000 Uncommon trap: reason=unstable_if action=reinterpret pc=0x0000000005618954 method=javafx.scene.Node.updateLocalToParentTransform()V @ 4
Event: 197.861 Thread 0x00000000240d9800 Uncommon trap: reason=unstable_if action=reinterpret pc=0x0000000005ea3f34 method=com.sun.scenario.effect.impl.ImagePool.checkOut(Lcom/sun/scenario/effect/impl/Renderer;II)Lcom/sun/scenario/effect/impl/PoolFilterable; @ 1
Event: 198.230 Thread 0x00000000240d9800 Uncommon trap: reason=unstable_if action=reinterpret pc=0x0000000006148900 method=com.sun.prism.d3d.D3DTextureResource.isValid()Z @ 4
Event: 199.082 Thread 0x00000000240d9800 Uncommon trap: reason=unstable_if action=reinterpret pc=0x0000000005cb2370 method=com.sun.scenario.effect.impl.ImagePool.checkOut(Lcom/sun/scenario/effect/impl/Renderer;II)Lcom/sun/scenario/effect/impl/PoolFilterable; @ 5
Event: 199.111 Thread 0x00000000240d9800 Uncommon trap: reason=unstable_if action=reinterpret pc=0x0000000005edffd0 method=com.sun.prism.d3d.D3DTextureResource.isValid()Z @ 4
Event: 199.140 Thread 0x00000000240d9800 Uncommon trap: reason=unstable_if action=reinterpret pc=0x0000000005debb80 method=com.sun.prism.d3d.D3DTextureResource.isValid()Z @ 4

Internal exceptions (10 events):
Event: 182.082 Thread 0x0000000024b76000 Exception <a 'java/lang/NullPointerException'> (0x000000076b38ee68) thrown at [C:\re\workspace\8-2-build-windows-amd64-cygwin\jdk8u144\9417\hotspot\src\share\vm\runtime\sharedRuntime.cpp, line 605]
Event: 184.841 Thread 0x0000000024b69000 Implicit null exception at 0x000000000527651a to 0x000000000527660a
Event: 184.841 Thread 0x0000000024b69000 Exception <a 'java/lang/NullPointerException'> (0x000000076b41bc98) thrown at [C:\re\workspace\8-2-build-windows-amd64-cygwin\jdk8u144\9417\hotspot\src\share\vm\runtime\sharedRuntime.cpp, line 605]
Event: 184.884 Thread 0x0000000024b71800 Implicit null exception at 0x000000000527651a to 0x000000000527660a
Event: 184.885 Thread 0x0000000024b71800 Exception <a 'java/lang/NullPointerException'> (0x000000076b435668) thrown at [C:\re\workspace\8-2-build-windows-amd64-cygwin\jdk8u144\9417\hotspot\src\share\vm\runtime\sharedRuntime.cpp, line 605]
Event: 187.108 Thread 0x0000000022e87000 Implicit null exception at 0x00000000054cf265 to 0x00000000054cf305
Event: 187.108 Thread 0x0000000022e87000 Implicit null exception at 0x0000000005f04210 to 0x0000000005f042c5
Event: 198.230 Thread 0x00000000240d9800 Implicit null exception at 0x000000000614886b to 0x00000000061488f1
Event: 199.111 Thread 0x00000000240d9800 Implicit null exception at 0x0000000005edff55 to 0x0000000005edffbd
Event: 199.140 Thread 0x00000000240d9800 Implicit null exception at 0x0000000005debb10 to 0x0000000005debb6d

Events (10 events):
Event: 199.646 Executing VM operation: RevokeBias
Event: 199.646 Executing VM operation: RevokeBias done
Event: 199.646 Executing VM operation: RevokeBias
Event: 199.646 Executing VM operation: RevokeBias done
Event: 199.646 Executing VM operation: RevokeBias
Event: 199.646 Executing VM operation: RevokeBias done
Event: 199.647 Executing VM operation: RevokeBias
Event: 199.647 Executing VM operation: RevokeBias done
Event: 199.647 Executing VM operation: RevokeBias
Event: 199.647 Executing VM operation: RevokeBias done


Dynamic libraries:
0x00007ff672d00000 - 0x00007ff672d37000 	C:\Program Files\Java\jdk1.8.0_144\bin\java.exe
0x00007ff9cade0000 - 0x00007ff9cafb7000 	C:\WINDOWS\SYSTEM32\ntdll.dll
0x00007ff9c93b0000 - 0x00007ff9c945c000 	C:\WINDOWS\System32\KERNEL32.DLL
0x00007ff9c7c00000 - 0x00007ff9c7e68000 	C:\WINDOWS\System32\KERNELBASE.dll
0x00007ff9c8cd0000 - 0x00007ff9c8d71000 	C:\WINDOWS\System32\ADVAPI32.dll
0x00007ff9ca900000 - 0x00007ff9ca99d000 	C:\WINDOWS\System32\msvcrt.dll
0x00007ff9cac10000 - 0x00007ff9cac6b000 	C:\WINDOWS\System32\sechost.dll
0x00007ff9cac80000 - 0x00007ff9cada1000 	C:\WINDOWS\System32\RPCRT4.dll
0x00007ff9c8b40000 - 0x00007ff9c8ccd000 	C:\WINDOWS\System32\USER32.dll
0x00007ff9c7b30000 - 0x00007ff9c7b50000 	C:\WINDOWS\System32\win32u.dll
0x00007ff9c8e00000 - 0x00007ff9c8e28000 	C:\WINDOWS\System32\GDI32.dll
0x00007ff9c8100000 - 0x00007ff9c828f000 	C:\WINDOWS\System32\gdi32full.dll
0x00007ff9c7e90000 - 0x00007ff9c7f28000 	C:\WINDOWS\System32\msvcp_win.dll
0x00007ff9c7210000 - 0x00007ff9c7308000 	C:\WINDOWS\System32\ucrtbase.dll
0x00007ff9c83e0000 - 0x00007ff9c86e6000 	C:\WINDOWS\System32\combase.dll
0x00007ff9c7310000 - 0x00007ff9c7388000 	C:\WINDOWS\System32\bcryptPrimitives.dll
0x00007ff9b73d0000 - 0x00007ff9b7639000 	C:\WINDOWS\WinSxS\amd64_microsoft.windows.common-controls_6595b64144ccf1df_6.0.17035.1000_none_d29edc42988b6249\COMCTL32.dll
0x00007ff9c9080000 - 0x00007ff9c90ad000 	C:\WINDOWS\System32\IMM32.DLL
0x0000000063040000 - 0x0000000063112000 	C:\Program Files\Java\jdk1.8.0_144\jre\bin\msvcr100.dll
0x0000000061300000 - 0x0000000061b9d000 	C:\Program Files\Java\jdk1.8.0_144\jre\bin\server\jvm.dll
0x00007ff9cac70000 - 0x00007ff9cac78000 	C:\WINDOWS\System32\PSAPI.DLL
0x00007ff9bc770000 - 0x00007ff9bc77a000 	C:\WINDOWS\SYSTEM32\VERSION.dll
0x00007ff9b6460000 - 0x00007ff9b6469000 	C:\WINDOWS\SYSTEM32\WSOCK32.dll
0x00007ff9c90b0000 - 0x00007ff9c911c000 	C:\WINDOWS\System32\WS2_32.dll
0x00007ff9c3040000 - 0x00007ff9c3063000 	C:\WINDOWS\SYSTEM32\WINMM.dll
0x00007ff9c2e60000 - 0x00007ff9c2e8a000 	C:\WINDOWS\SYSTEM32\WINMMBASE.dll
0x00007ff9c7390000 - 0x00007ff9c73d9000 	C:\WINDOWS\System32\cfgmgr32.dll
0x0000000063030000 - 0x000000006303f000 	C:\Program Files\Java\jdk1.8.0_144\jre\bin\verify.dll
0x0000000063000000 - 0x0000000063029000 	C:\Program Files\Java\jdk1.8.0_144\jre\bin\java.dll
0x0000000062fe0000 - 0x0000000062ff6000 	C:\Program Files\Java\jdk1.8.0_144\jre\bin\zip.dll
0x00007ff9c9460000 - 0x00007ff9ca89c000 	C:\WINDOWS\System32\SHELL32.dll
0x00007ff9c9120000 - 0x00007ff9c91c6000 	C:\WINDOWS\System32\shcore.dll
0x00007ff9c7440000 - 0x00007ff9c7b2f000 	C:\WINDOWS\System32\windows.storage.dll
0x00007ff9c91d0000 - 0x00007ff9c9221000 	C:\WINDOWS\System32\shlwapi.dll
0x00007ff9c71f0000 - 0x00007ff9c7201000 	C:\WINDOWS\System32\kernel.appcore.dll
0x00007ff9c7160000 - 0x00007ff9c71ac000 	C:\WINDOWS\System32\powrprof.dll
0x00007ff9c71b0000 - 0x00007ff9c71cb000 	C:\WINDOWS\System32\profapi.dll
0x00007ff9c4990000 - 0x00007ff9c499a000 	C:\Program Files\apache-maven-3.5.0\lib\jansi-native\windows64\jansi.dll
0x0000000062fc0000 - 0x0000000062fda000 	C:\Program Files\Java\jdk1.8.0_144\jre\bin\net.dll
0x00007ff9c6a10000 - 0x00007ff9c6a76000 	C:\WINDOWS\system32\mswsock.dll
0x0000000062fa0000 - 0x0000000062fb1000 	C:\Program Files\Java\jdk1.8.0_144\jre\bin\nio.dll
0x0000000062eb0000 - 0x0000000062ebd000 	C:\Program Files\Java\jdk1.8.0_144\jre\bin\management.dll
0x0000000061160000 - 0x00000000612f8000 	C:\Program Files\Java\jdk1.8.0_144\jre\bin\awt.dll
0x00007ff9c8fa0000 - 0x00007ff9c9065000 	C:\WINDOWS\System32\OLEAUT32.dll
0x00007ff9c5310000 - 0x00007ff9c5398000 	C:\WINDOWS\SYSTEM32\apphelp.dll
0x00007ff9c5700000 - 0x00007ff9c572a000 	C:\WINDOWS\system32\DWMAPI.DLL
0x00007ff9c5440000 - 0x00007ff9c54d5000 	C:\WINDOWS\system32\uxtheme.dll
0x00007ff9bb020000 - 0x00007ff9bb13e000 	C:\WINDOWS\system32\opengl32.dll
0x00007ff9bf800000 - 0x00007ff9bf82c000 	C:\WINDOWS\SYSTEM32\GLU32.dll
0x00007ff9c9240000 - 0x00007ff9c93a8000 	C:\WINDOWS\System32\MSCTF.dll
0x00007ff9c8290000 - 0x00007ff9c83d6000 	C:\WINDOWS\System32\ole32.dll
0x00007ff9950b0000 - 0x00007ff99519f000 	C:\Program Files\Java\jdk1.8.0_144\jre\bin\msvcr120.dll
0x00007ff995000000 - 0x00007ff9950a6000 	C:\Program Files\Java\jdk1.8.0_144\jre\bin\msvcp120.dll
0x0000000062e80000 - 0x0000000062ea2000 	C:\Program Files\Java\jdk1.8.0_144\jre\bin\prism_d3d.dll
0x00007ff994d40000 - 0x00007ff994ed7000 	C:\WINDOWS\system32\d3d9.dll
0x00007ff984140000 - 0x00007ff98667d000 	C:\WINDOWS\SYSTEM32\igdumdim64.dll
0x00007ff9c86f0000 - 0x00007ff9c8b3e000 	C:\WINDOWS\System32\SETUPAPI.dll
0x00007ff9c7e70000 - 0x00007ff9c7e87000 	C:\WINDOWS\System32\CRYPTSP.dll
0x00000000627a0000 - 0x00000000627e3000 	C:\Program Files\Java\jdk1.8.0_144\jre\bin\glass.dll
0x00007ff9c8e30000 - 0x00007ff9c8f3b000 	C:\WINDOWS\System32\COMDLG32.dll
0x00007ff9bf900000 - 0x00007ff9c0340000 	C:\WINDOWS\SYSTEM32\igdusc64.dll
0x0000000061110000 - 0x0000000061157000 	C:\Program Files\Java\jdk1.8.0_144\jre\bin\fontmanager.dll
0x00000000610c0000 - 0x0000000061102000 	C:\Program Files\Java\jdk1.8.0_144\jre\bin\t2k.dll
0x00007ff9bf860000 - 0x00007ff9bf8f5000 	C:\WINDOWS\System32\TextInputFramework.dll
0x00007ff9c0f40000 - 0x00007ff9c123f000 	C:\WINDOWS\System32\CoreUIComponents.dll
0x00007ff9c4a50000 - 0x00007ff9c4b2c000 	C:\WINDOWS\System32\CoreMessaging.dll
0x00007ff9c62c0000 - 0x00007ff9c62f1000 	C:\WINDOWS\SYSTEM32\ntmarta.dll
0x00007ff9c36b0000 - 0x00007ff9c37ef000 	C:\WINDOWS\SYSTEM32\wintypes.dll
0x00007ff9cab40000 - 0x00007ff9cabe1000 	C:\WINDOWS\System32\clbcatq.dll
0x00007ff9c1370000 - 0x00007ff9c151e000 	C:\WINDOWS\SYSTEM32\WindowsCodecs.dll
0x00007ff9baf90000 - 0x00007ff9bafe4000 	C:\WINDOWS\system32\dataexchange.dll
0x00007ff9c4620000 - 0x00007ff9c4903000 	C:\WINDOWS\system32\d3d11.dll
0x00007ff9c4ec0000 - 0x00007ff9c500c000 	C:\WINDOWS\system32\dcomp.dll
0x00007ff9c5fe0000 - 0x00007ff9c6098000 	C:\WINDOWS\system32\dxgi.dll
0x00007ff9c57f0000 - 0x00007ff9c5981000 	C:\WINDOWS\system32\twinapi.appcore.dll
0x00007ff9c5990000 - 0x00007ff9c59b0000 	C:\WINDOWS\system32\RMCLIENT.dll
0x00007ff9c67e0000 - 0x00007ff9c6899000 	C:\WINDOWS\SYSTEM32\DNSAPI.dll
0x00007ff9c9230000 - 0x00007ff9c9238000 	C:\WINDOWS\System32\NSI.dll
0x00007ff9c67a0000 - 0x00007ff9c67d9000 	C:\WINDOWS\SYSTEM32\IPHLPAPI.DLL
0x0000000063200000 - 0x0000000063226000 	C:\Program Files\Bonjour\mdnsNSP.dll
0x00007ff9bc100000 - 0x00007ff9bc10a000 	C:\Windows\System32\rasadhlp.dll
0x00007ff9bc3d0000 - 0x00007ff9bc440000 	C:\WINDOWS\System32\fwpuclnt.dll
0x00007ff9c6cc0000 - 0x00007ff9c6ce5000 	C:\WINDOWS\SYSTEM32\bcrypt.dll
0x000000005e900000 - 0x00000000610b4000 	C:\Program Files\Java\jdk1.8.0_144\jre\bin\jfxwebkit.dll
0x00007ff9c6620000 - 0x00007ff9c6653000 	C:\WINDOWS\system32\rsaenh.dll
0x00007ff9c6bd0000 - 0x00007ff9c6bdb000 	C:\WINDOWS\SYSTEM32\CRYPTBASE.dll
0x0000000062770000 - 0x0000000062794000 	C:\Program Files\Java\jdk1.8.0_144\jre\bin\sunec.dll
0x000000005e8e0000 - 0x000000005e8f4000 	C:\Program Files\Java\jdk1.8.0_144\jre\bin\javafx_font.dll
0x00007ff9bd7f0000 - 0x00007ff9bd806000 	C:\WINDOWS\SYSTEM32\dhcpcsvc6.DLL
0x00007ff9bd7d0000 - 0x00007ff9bd7ea000 	C:\WINDOWS\SYSTEM32\dhcpcsvc.DLL
0x00007ff9b95d0000 - 0x00007ff9b98df000 	C:\WINDOWS\SYSTEM32\dwrite.dll
0x00007ff9c7090000 - 0x00007ff9c70b9000 	C:\WINDOWS\SYSTEM32\USERENV.dll
0x00007ff9c20e0000 - 0x00007ff9c20f6000 	C:\WINDOWS\system32\napinsp.dll
0x00007ff9c3350000 - 0x00007ff9c336a000 	C:\WINDOWS\system32\pnrpnsp.dll
0x00007ff9c3c00000 - 0x00007ff9c3c18000 	C:\WINDOWS\system32\NLAapi.dll
0x00007ff9c4a20000 - 0x00007ff9c4a2e000 	C:\WINDOWS\System32\winrnr.dll
0x00007ff9c1bd0000 - 0x00007ff9c1be5000 	C:\WINDOWS\System32\wshbth.dll
0x0000000062760000 - 0x000000006276b000 	C:\Program Files\Java\jdk1.8.0_144\jre\bin\sunmscapi.dll
0x00007ff9c7f30000 - 0x00007ff9c80fe000 	C:\WINDOWS\System32\CRYPT32.dll
0x00007ff9c71d0000 - 0x00007ff9c71e2000 	C:\WINDOWS\System32\MSASN1.dll
0x000000005e8c0000 - 0x000000005e8d1000 	C:\Program Files\Java\jdk1.8.0_144\jre\bin\prism_common.dll
0x000000005e880000 - 0x000000005e8b1000 	C:\Program Files\Java\jdk1.8.0_144\jre\bin\jpeg.dll
0x000000005e840000 - 0x000000005e87c000 	C:\Program Files\Java\jdk1.8.0_144\jre\bin\lcms.dll
0x000000005e810000 - 0x000000005e83a000 	C:\Program Files\Java\jdk1.8.0_144\jre\bin\dcpr.dll
0x00007ff9bc4c0000 - 0x00007ff9bc688000 	C:\WINDOWS\SYSTEM32\dbghelp.dll

VM Arguments:
jvm_args: -Dclassworlds.conf=C:/Program Files/apache-maven-3.5.0/bin/m2.conf -Dmaven.home=C:/Program Files/apache-maven-3.5.0 -Dmaven.multiModuleProjectDirectory=D:/Documents/skola/MIT/1. semester/PDB/fit-pdb17-projekt-DB 
java_command: org.codehaus.plexus.classworlds.launcher.Launcher exec:java -Dexec.mainClass=cz.vutbr.fit.pdb.core.App -Dexec.cleanupDaemonThreads=false -Dexec.args=
java_class_path (initial): C:/Program Files/apache-maven-3.5.0/boot/plexus-classworlds-2.5.2.jar
Launcher Type: SUN_STANDARD

Environment Variables:
JAVA_HOME=C:\Program Files\Java\jdk1.8.0_144
PATH=C:\ProgramData\Oracle\Java\javapath;D:\Python 3.4.4;C:\Program Files\Git\cmd;C:\Program Files\Git\mingw64\bin;C:\Program Files\Git\usr\bin;C:\xampp\php;C:\xampp\mysql\bin;C:\WINDOWS\system32;C:\WINDOWS;C:\WINDOWS\System32\Wbem;C:\WINDOWS\System32\WindowsPowerShell\v1.0;D:\Program Files\Putty;C:\Program Files (x86)\Heroku\bin;C:\Program Files (x86)\git\cmd;C:\Program Files (x86)\Git\cmd;D:\Program Files\MikTex\miktex\bin\x64;C:\Program Files (x86)\Skype\Phone;C:\ProgramData\ComposerSetup\bin;D:\Program Files\nodejs;C:\Program Files\apache-maven-3.5.0\bin;C:\Program Files\Java\jdk1.8.0_144;C:\Users\buty\AppData\Local\Microsoft\WindowsApps;C:\Users\buty\AppData\Roaming\Composer\vendor\bin;C:\Users\buty\AppData\Roaming\npm;C:\Users\buty\AppData\Local\Microsoft\WindowsApps;C:\Users\buty\AppData\Local\Programs\Python\Python36-32
USERNAME=buty
OS=Windows_NT
PROCESSOR_IDENTIFIER=Intel64 Family 6 Model 60 Stepping 3, GenuineIntel



---------------  S Y S T E M  ---------------

OS: Windows 10.0 , 64 bit Build 17035 (10.0.17035.1000)

CPU:total 8 (initial active 8) (4 cores per cpu, 2 threads per core) family 6 model 60 stepping 3, cmov, cx8, fxsr, mmx, sse, sse2, sse3, ssse3, sse4.1, sse4.2, popcnt, avx, avx2, aes, clmul, erms, lzcnt, ht, tsc, tscinvbit, bmi1, bmi2

Memory: 4k page, physical 16698648k(8791880k free), swap 19189016k(10048092k free)

vm_info: Java HotSpot(TM) 64-Bit Server VM (25.144-b01) for windows-amd64 JRE (1.8.0_144-b01), built on Jul 21 2017 21:57:33 by "java_re" with MS VC++ 10.0 (VS2010)

time: Tue Nov 28 23:29:58 2017
elapsed time: 202 seconds (0d 0h 3m 22s)

